This is pdfTeX, Version 3.14159265-2.6-1.40.17 (TeX Live 2016) (preloaded format=pdflatex 2016.5.22)  7 NOV 2019 20:09
entering extended mode
 restricted \write18 enabled.
 %&-line parsing enabled.
**main.tex
(./main.tex
LaTeX2e <2016/03/31>
Babel <3.9r> and hyphenation patterns for 83 language(s) loaded.
(./aastex62.cls
Document Class: aastex62 2017/10/16 Version 6.2/AAS markup document class
Class aastex Info: 
 
 Original \LaTeX2.09 style by Chris Biemesderfer (chris@seagoat.com). 
 Adapted to \LaTeXe by A. Ogawa (ogawa@teleport.com)
 emulateapj.cls included, Copyright 2000-2015 Alexey Vikhlinin 
 Rewrite and update of emulateapj.cls, revised and enhanced with table macros, 
gridlines, draft watermark,
 track changes, new `modern' style and much more, by Amy Hendrickson,
 (amyh@texnology.com, http://www.texnology.com) 
 
  on input line 105.
\bibbaselineskip=\skip41
(/usr/local/texlive/2016/texmf-dist/tex/latex/revtex/revtex4-1.cls
Document Class: revtex4-1 2010/07/25/20:33:00 4.1r (http://publish.aps.org/revt
ex4/ for documentation)
 Copyright (c) 2009 The American Physical Society.
 mailto:revtex@aps.org
 Licensed under the LPPL:
http://www.ctan.org/tex-archive/macros/latex/base/lppl.txt
 Arthur Ogawa <arthur_ogawa at sbcglobal dot net>
 Based on work by David Carlisle <david at dcarlisle.demon.co.uk>.
ltxutil[2010/07/25/20:33:00 4.1r utilities package (portions licensed from W. E
. Baxter web at superscript.com)]
LaTeX Info: Redefining \@centercr on input line 308.
Class revtex4-1 Info: Repairing broken LaTeX eqnarray on input line 358.
\eqncolsep=\skip42
Class revtex4-1 Info: Repairing hyperref-unfriendly LaTeX definition of \mpfoot
note on input line 433.
Class revtex4-1 Info: Repairing broken LateX \@sect on input line 755.
\intertabularlinepenalty=\count79
\@tbpen=\count80
\@arstrutbox@hline=\box26
Class revtex4-1 Info: Repairing broken LaTeX \@xbitor on input line 1786.
Class revtex4-1 Info: Making \typeout \long on input line 2046.
ltxfront[2010/07/25/20:33:00 4.1r frontmatter package (AO,DPC)]
\c@affil=\count81
\c@collab=\count82
\absbox=\box27
ltxgrid[2010/07/25/20:33:00 4.1r page grid package (portions licensed from W. E
. Baxter web at superscript.com)]
\c@linecount=\count83
\output@latex=\toks14
\box@size@1=\box28
\box@size@2=\box29
\@protection@box=\box30
\@topmark@saved=\toks15
\footins@saved=\box31
\footins@recovered=\box32
\column@recovered=\box33
\pagesofar=\box34
\footsofar=\box35
\pagegrid@col=\count84
Class revtex4-1 Info: Overriding \@vspace, \@vspacer, \@no@pgbk, \@newline, and
 \\  on input line 5578.
\c@part=\count85
\c@section=\count86
\c@subsection=\count87
\c@subsubsection=\count88
\c@paragraph=\count89
\c@subparagraph=\count90
\abovecaptionskip=\skip43
\belowcaptionskip=\skip44
\c@figure=\count91
\fbox@1=\box36
\c@table=\count92
\fbox@2=\box37
\c@video=\count93
\fbox@4=\box38
\@bibdataout=\write3
\widetext@top=\box39
\widetext@bot=\box40
Class revtex4-1 Info: Selecting society aps on input line 7542.
(/usr/local/texlive/2016/texmf-dist/tex/latex/revtex/aps4-1.rtx
File: aps4-1 2010/07/25/20:33:00 4.1r (http://publish.aps.org/revtex4/ for docu
mentation)
Class revtex4-1 Info: RevTeX society APS selected on input line 31.
)
Class revtex4-1 Info: Selecting journal pra on input line 7544.
Class revtex4-1 Info: APS journal PRA selected on input line 7545.

(/usr/local/texlive/2016/texmf-dist/tex/latex/revtex/aps10pt4-1.rtx
File: aps10pt4-1 2010/07/25/20:33:00 4.1r (http://publish.aps.org/revtex4/ for 
documentation)
Class revtex4-1 Info: RevTeX pointsize 10pt selected on input line 30.
)
(/usr/local/texlive/2016/texmf-dist/tex/latex/textcase/textcase.sty
Package: textcase 2004/10/07 v0.07 Text only upper/lower case changing (DPC)
)
(/usr/local/texlive/2016/texmf-dist/tex/latex/url/url.sty
\Urlmuskip=\muskip10
Package: url 2013/09/16  ver 3.4  Verb mode for urls, etc.
)
(/usr/local/texlive/2016/texmf-dist/tex/latex/natbib/natbib.sty
Package: natbib 2010/09/13 8.31b (PWD, AO)
\bibhang=\skip45
\bibsep=\skip46
LaTeX Info: Redefining \cite on input line 694.
\c@NAT@ctr=\count94
)
Class revtex4-1 Info: Repairing natbib's \BibitemShut on input line 7549.

(/usr/local/texlive/2016/texmf-dist/tex/latex/revtex/revsymb4-1.sty
Package: revsymb4-1 2010/07/25/20:33:00 4.1r (http://publish.aps.org/revtex4/ f
or documentation)
LaTeX Info: Redefining \REV@mathfrak on input line 119.
))
(/usr/local/texlive/2016/texmf-dist/tex/latex/base/latexsym.sty
Package: latexsym 1998/08/17 v2.2e Standard LaTeX package (lasy symbols)
\symlasy=\mathgroup4
LaTeX Font Info:    Overwriting symbol font `lasy' in version `bold'
(Font)                  U/lasy/m/n --> U/lasy/b/n on input line 52.
)
(/usr/local/texlive/2016/texmf-dist/tex/latex/graphics/graphicx.sty
Package: graphicx 2014/10/28 v1.0g Enhanced LaTeX Graphics (DPC,SPQR)

(/usr/local/texlive/2016/texmf-dist/tex/latex/graphics/keyval.sty
Package: keyval 2014/10/28 v1.15 key=value parser (DPC)
\KV@toks@=\toks16
)
(/usr/local/texlive/2016/texmf-dist/tex/latex/graphics/graphics.sty
Package: graphics 2016/05/09 v1.0r Standard LaTeX Graphics (DPC,SPQR)

(/usr/local/texlive/2016/texmf-dist/tex/latex/graphics/trig.sty
Package: trig 2016/01/03 v1.10 sin cos tan (DPC)
)
(/usr/local/texlive/2016/texmf-dist/tex/latex/graphics-cfg/graphics.cfg
File: graphics.cfg 2016/01/02 v1.10 sample graphics configuration
)
Package graphics Info: Driver file: pdftex.def on input line 96.

(/usr/local/texlive/2016/texmf-dist/tex/latex/pdftex-def/pdftex.def
File: pdftex.def 2011/05/27 v0.06d Graphics/color for pdfTeX

(/usr/local/texlive/2016/texmf-dist/tex/generic/oberdiek/infwarerr.sty
Package: infwarerr 2016/05/16 v1.4 Providing info/warning/error messages (HO)
)
(/usr/local/texlive/2016/texmf-dist/tex/generic/oberdiek/ltxcmds.sty
Package: ltxcmds 2016/05/16 v1.23 LaTeX kernel commands for general use (HO)
)
\Gread@gobject=\count95
))
\Gin@req@height=\dimen102
\Gin@req@width=\dimen103
)
(/usr/local/texlive/2016/texmf-dist/tex/latex/amsfonts/amssymb.sty
Package: amssymb 2013/01/14 v3.01 AMS font symbols

(/usr/local/texlive/2016/texmf-dist/tex/latex/amsfonts/amsfonts.sty
Package: amsfonts 2013/01/14 v3.01 Basic AMSFonts support
\@emptytoks=\toks17
\symAMSa=\mathgroup5
\symAMSb=\mathgroup6
LaTeX Font Info:    Overwriting math alphabet `\mathfrak' in version `bold'
(Font)                  U/euf/m/n --> U/euf/b/n on input line 106.
LaTeX Info: Redefining \frak on input line 111.
LaTeX Info: Redefining \Bbb on input line 113.
))
(/usr/local/texlive/2016/texmf-dist/tex/generic/epsf/epsf.sty
This is `epsf.tex' v2.7.4 <14 February 2011>
\epsffilein=\read1
\epsfframemargin=\dimen104
\epsfframethickness=\dimen105
\epsfrsize=\dimen106
\epsftmp=\dimen107
\epsftsize=\dimen108
\epsfxsize=\dimen109
\epsfysize=\dimen110
\pspoints=\dimen111
)
\rptnum=\count96
\rptloopnum=\count97
\fncount=\count98
\endfncount=\count99
\c@front@matter@foot@note=\count100
\keys@width=\skip47
\c@lastfootnote=\count101
\c@remember@figure@num=\count102
\c@remember@table@num=\count103
\bibskip=\skip48
\bibindent=\dimen112
\plot@width=\skip49
\c@table@save=\count104
\@abovenoteskip=\dimen113
\table@note@skip=\skip50
\deluxe@table@width=\skip51
\@d@t@a=\skip52
\c@deluxe@table@num=\count105
\LTcapwidth=\dimen114
\abovedeluxetableskip=\skip53
\belowdeluxetableskip=\skip54
\lastrowheight=\dimen115
\DT@p@ftn=\toks18
\pt@column=\count106
\pt@ncol=\count107
 (/usr/local/texlive/2016/texmf-dist/tex/latex/tools/longtable.sty
Package: longtable 2014/10/28 v4.11 Multi-page Table package (DPC)
\LTleft=\skip55
\LTright=\skip56
\LTpre=\skip57
\LTpost=\skip58
\LTchunksize=\count108
\LTcapwidth=\dimen116
\LT@head=\box41
\LT@firsthead=\box42
\LT@foot=\box43
\LT@lastfoot=\box44
\LT@cols=\count109
\LT@rows=\count110
\c@LT@tables=\count111
\c@LT@chunks=\count112
\LT@p@ftn=\toks19
)
(/usr/local/texlive/2016/texmf-dist/tex/latex/xcolor/xcolor.sty
Package: xcolor 2016/05/11 v2.12 LaTeX color extensions (UK)

(/usr/local/texlive/2016/texmf-dist/tex/latex/graphics-cfg/color.cfg
File: color.cfg 2016/01/02 v1.6 sample color configuration
)
Package xcolor Info: Driver file: pdftex.def on input line 225.
Package xcolor Info: Model `cmy' substituted by `cmy0' on input line 1348.
Package xcolor Info: Model `hsb' substituted by `rgb' on input line 1352.
Package xcolor Info: Model `RGB' extended on input line 1364.
Package xcolor Info: Model `HTML' substituted by `rgb' on input line 1366.
Package xcolor Info: Model `Hsb' substituted by `hsb' on input line 1367.
Package xcolor Info: Model `tHsb' substituted by `hsb' on input line 1368.
Package xcolor Info: Model `HSB' substituted by `hsb' on input line 1369.
Package xcolor Info: Model `Gray' substituted by `gray' on input line 1370.
Package xcolor Info: Model `wave' substituted by `hsb' on input line 1371.
)
(/usr/local/texlive/2016/texmf-dist/tex/latex/hyperref/hyperref.sty
Package: hyperref 2016/05/05 v6.83n Hypertext links for LaTeX

(/usr/local/texlive/2016/texmf-dist/tex/generic/oberdiek/hobsub-hyperref.sty
Package: hobsub-hyperref 2016/05/16 v1.14 Bundle oberdiek, subset hyperref (HO)


(/usr/local/texlive/2016/texmf-dist/tex/generic/oberdiek/hobsub-generic.sty
Package: hobsub-generic 2016/05/16 v1.14 Bundle oberdiek, subset generic (HO)
Package: hobsub 2016/05/16 v1.14 Construct package bundles (HO)
Package hobsub Info: Skipping package `infwarerr' (already loaded).
Package hobsub Info: Skipping package `ltxcmds' (already loaded).
Package: ifluatex 2016/05/16 v1.4 Provides the ifluatex switch (HO)
Package ifluatex Info: LuaTeX not detected.
Package: ifvtex 2016/05/16 v1.6 Detect VTeX and its facilities (HO)
Package ifvtex Info: VTeX not detected.
Package: intcalc 2016/05/16 v1.2 Expandable calculations with integers (HO)
Package: ifpdf 2016/05/14 v3.1 Provides the ifpdf switch
Package: etexcmds 2016/05/16 v1.6 Avoid name clashes with e-TeX commands (HO)
Package etexcmds Info: Could not find \expanded.
(etexcmds)             That can mean that you are not using pdfTeX 1.50 or
(etexcmds)             that some package has redefined \expanded.
(etexcmds)             In the latter case, load this package earlier.
Package: kvsetkeys 2016/05/16 v1.17 Key value parser (HO)
Package: kvdefinekeys 2016/05/16 v1.4 Define keys (HO)
Package: pdftexcmds 2016/05/10 v0.21 Utility functions of pdfTeX for LuaTeX (HO
)
Package pdftexcmds Info: LuaTeX not detected.
Package pdftexcmds Info: \pdf@primitive is available.
Package pdftexcmds Info: \pdf@ifprimitive is available.
Package pdftexcmds Info: \pdfdraftmode found.
Package: pdfescape 2016/05/16 v1.14 Implements pdfTeX's escape features (HO)
Package: bigintcalc 2016/05/16 v1.4 Expandable calculations on big integers (HO
)
Package: bitset 2016/05/16 v1.2 Handle bit-vector datatype (HO)
Package: uniquecounter 2016/05/16 v1.3 Provide unlimited unique counter (HO)
)
Package hobsub Info: Skipping package `hobsub' (already loaded).
Package: letltxmacro 2016/05/16 v1.5 Let assignment for LaTeX macros (HO)
Package: hopatch 2016/05/16 v1.3 Wrapper for package hooks (HO)
Package: xcolor-patch 2016/05/16 xcolor patch
Package: atveryend 2016/05/16 v1.9 Hooks at the very end of document (HO)
Package: atbegshi 2016/05/16 v1.17 At begin shipout hook (HO)
Package: refcount 2016/05/16 v3.5 Data extraction from label references (HO)
Package: hycolor 2016/05/16 v1.8 Color options for hyperref/bookmark (HO)
)
(/usr/local/texlive/2016/texmf-dist/tex/generic/ifxetex/ifxetex.sty
Package: ifxetex 2010/09/12 v0.6 Provides ifxetex conditional
)
(/usr/local/texlive/2016/texmf-dist/tex/latex/oberdiek/auxhook.sty
Package: auxhook 2016/05/16 v1.4 Hooks for auxiliary files (HO)
)
(/usr/local/texlive/2016/texmf-dist/tex/latex/oberdiek/kvoptions.sty
Package: kvoptions 2016/05/16 v3.12 Key value format for package options (HO)
)
\@linkdim=\dimen117
\Hy@linkcounter=\count113
\Hy@pagecounter=\count114

(/usr/local/texlive/2016/texmf-dist/tex/latex/hyperref/pd1enc.def
File: pd1enc.def 2016/05/05 v6.83n Hyperref: PDFDocEncoding definition (HO)
)
\Hy@SavedSpaceFactor=\count115

(/usr/local/texlive/2016/texmf-dist/tex/latex/latexconfig/hyperref.cfg
File: hyperref.cfg 2002/06/06 v1.2 hyperref configuration of TeXLive
)
Package hyperref Info: Option `bookmarks' set `false' on input line 4322.
Package hyperref Info: Option `pdfnewwindow' set `true' on input line 4322.
Package hyperref Info: Option `colorlinks' set `true' on input line 4322.
Package hyperref Info: Option `final' set `true' on input line 4322.
Package hyperref Info: Hyper figures OFF on input line 4446.
Package hyperref Info: Link nesting OFF on input line 4451.
Package hyperref Info: Hyper index ON on input line 4454.
Package hyperref Info: Plain pages OFF on input line 4461.
Package hyperref Info: Backreferencing OFF on input line 4466.
Package hyperref Info: Implicit mode ON; LaTeX internals redefined.
Package hyperref Info: Bookmarks OFF on input line 4697.
LaTeX Info: Redefining \href on input line 4955.
\c@Hy@tempcnt=\count116
LaTeX Info: Redefining \url on input line 5044.
\XeTeXLinkMargin=\dimen118
\Fld@menulength=\count117
\Field@Width=\dimen119
\Fld@charsize=\dimen120
Package hyperref Info: Hyper figures OFF on input line 6298.
Package hyperref Info: Link nesting OFF on input line 6303.
Package hyperref Info: Hyper index ON on input line 6306.
Package hyperref Info: backreferencing OFF on input line 6313.
Package hyperref Info: Link coloring ON on input line 6316.
Package hyperref Info: Link coloring with OCG OFF on input line 6323.
Package hyperref Info: PDF/A mode OFF on input line 6328.
LaTeX Info: Redefining \ref on input line 6368.
LaTeX Info: Redefining \pageref on input line 6372.
\Hy@abspage=\count118
\c@Item=\count119
\c@Hfootnote=\count120
)

Package hyperref Message: Driver (autodetected): hpdftex.

(/usr/local/texlive/2016/texmf-dist/tex/latex/hyperref/hpdftex.def
File: hpdftex.def 2016/05/05 v6.83n Hyperref driver for pdfTeX
\Fld@listcount=\count121
\c@bookmark@seq@number=\count122

(/usr/local/texlive/2016/texmf-dist/tex/latex/oberdiek/rerunfilecheck.sty
Package: rerunfilecheck 2016/05/16 v1.8 Rerun checks for auxiliary files (HO)
Package uniquecounter Info: New unique counter `rerunfilecheck' on input line 2
82.
)
\Hy@SectionHShift=\skip59
)
(/usr/local/texlive/2016/texmf-dist/tex/latex/tools/array.sty
Package: array 2014/10/28 v2.4c Tabular extension package (FMi)
\col@sep=\dimen121
\extrarowheight=\dimen122
\NC@list=\toks20
\extratabsurround=\skip60
\backup@length=\skip61
)
\colcount=\count123
\firstcolcount=\count124
\secondcolcount=\count125
\thirdcolcount=\count126
\columncount=\count127
\howmanyDs=\count128
\firsthowmanyDs=\count129
\secondhowmanyDs=\count130
\PartsOfTable=\count131
\columnoneandtwo=\count132
\colnumsused=\count133
\loopnum=\count134
\totalcolumncount=\count135
\totalcolumns=\count136
\firsttablebox=\box45
\secondtablebox=\box46
\thirdtablebox=\box47
\longtablebox=\box48
\splitbox=\box49
\movetabledown=\dimen123
\maxtablewidth=\dimen124
\savetabskip=\dimen125
\tempcounter=\count137
\colheadcount=\count138
\rotatetablebox=\box50
\colorcount=\count139
\refchangenumber=\count140
\listchangenum=\count141

(/usr/local/texlive/2016/texmf-dist/tex/generic/ulem/ulem.sty
\UL@box=\box51
\UL@hyphenbox=\box52
\UL@skip=\skip62
\UL@hook=\toks21
\UL@height=\dimen126
\UL@pe=\count142
\UL@pixel=\dimen127
\ULC@box=\box53
Package: ulem 2012/05/18
\ULdepth=\dimen128
)
\AuthorCollaborationLimit=\count143
\largestAffilNum=\count144
\countauthors=\count145
\c@affilcount=\count146
\widetext@top=\box54
\widetext@bot=\box55
)
(/usr/local/texlive/2016/texmf-dist/tex/latex/base/fontenc.sty
Package: fontenc 2005/09/27 v1.99g Standard LaTeX package

(/usr/local/texlive/2016/texmf-dist/tex/latex/base/t1enc.def
File: t1enc.def 2005/09/27 v1.99g Standard LaTeX file
LaTeX Font Info:    Redeclaring font encoding T1 on input line 48.
))
(/usr/local/texlive/2016/texmf-dist/tex/latex/cleveref/cleveref.sty
Package: cleveref 2013/12/28 v0.19 Intelligent cross-referencing
Package cleveref Info: `hyperref' support loaded on input line 2230.
LaTeX Info: Redefining \cref on input line 2230.
LaTeX Info: Redefining \Cref on input line 2230.
LaTeX Info: Redefining \crefrange on input line 2230.
LaTeX Info: Redefining \Crefrange on input line 2230.
LaTeX Info: Redefining \cpageref on input line 2230.
LaTeX Info: Redefining \Cpageref on input line 2230.
LaTeX Info: Redefining \cpagerefrange on input line 2230.
LaTeX Info: Redefining \Cpagerefrange on input line 2230.
LaTeX Info: Redefining \labelcref on input line 2230.
LaTeX Info: Redefining \labelcpageref on input line 2230.
Package cleveref Info: always capitalise cross-reference names on input line 74
65.
Package cleveref Info: always capitalise cross-reference names on input line 74
93.
)
Class revtex4-1 Info: Unrecognized array package. Please update this document c
lass! (Proceeding with fingers crossed.) on input line 25.
Class revtex4-1 Info: Patching unrecognized longtable package. (Proceeding with
 fingers crossed) on input line 25.
Class revtex4-1 Info: Robustifying \LaTeX's \boldmath command on input line 25.

Class revtex4-1 Info: cite was not loaded (OK!) on input line 25.
Class revtex4-1 Info: mcite was not loaded (OK!) on input line 25.
Class revtex4-1 Info: multicol was not loaded (OK!) on input line 25.

(./main.aux)
\openout1 = `main.aux'.

LaTeX Font Info:    Checking defaults for OML/cmm/m/it on input line 25.
LaTeX Font Info:    ... okay on input line 25.
LaTeX Font Info:    Checking defaults for T1/cmr/m/n on input line 25.
LaTeX Font Info:    ... okay on input line 25.
LaTeX Font Info:    Checking defaults for OT1/cmr/m/n on input line 25.
LaTeX Font Info:    ... okay on input line 25.
LaTeX Font Info:    Checking defaults for OMS/cmsy/m/n on input line 25.
LaTeX Font Info:    ... okay on input line 25.
LaTeX Font Info:    Checking defaults for OMX/cmex/m/n on input line 25.
LaTeX Font Info:    ... okay on input line 25.
LaTeX Font Info:    Checking defaults for U/cmr/m/n on input line 25.
LaTeX Font Info:    ... okay on input line 25.
LaTeX Font Info:    Checking defaults for PD1/pdf/m/n on input line 25.
LaTeX Font Info:    ... okay on input line 25.

(/usr/local/texlive/2016/texmf-dist/tex/context/base/mkii/supp-pdf.mkii
[Loading MPS to PDF converter (version 2006.09.02).]
\scratchcounter=\count147
\scratchdimen=\dimen129
\scratchbox=\box56
\nofMPsegments=\count148
\nofMParguments=\count149
\everyMPshowfont=\toks22
\MPscratchCnt=\count150
\MPscratchDim=\dimen130
\MPnumerator=\count151
\makeMPintoPDFobject=\count152
\everyMPtoPDFconversion=\toks23
) (/usr/local/texlive/2016/texmf-dist/tex/latex/oberdiek/epstopdf-base.sty
Package: epstopdf-base 2016/05/15 v2.6 Base part for package epstopdf

(/usr/local/texlive/2016/texmf-dist/tex/latex/oberdiek/grfext.sty
Package: grfext 2016/05/16 v1.2 Manage graphics extensions (HO)
)
Package grfext Info: Graphics extension search list:
(grfext)             [.png,.pdf,.jpg,.mps,.jpeg,.jbig2,.jb2,.PNG,.PDF,.JPG,.JPE
G,.JBIG2,.JB2,.eps]
(grfext)             \AppendGraphicsExtensions on input line 456.

(/usr/local/texlive/2016/texmf-dist/tex/latex/latexconfig/epstopdf-sys.cfg
File: epstopdf-sys.cfg 2010/07/13 v1.3 Configuration of (r)epstopdf for TeX Liv
e
))
\AtBeginShipoutBox=\box57
Package hyperref Info: Link coloring ON on input line 25.

(/usr/local/texlive/2016/texmf-dist/tex/latex/hyperref/nameref.sty
Package: nameref 2012/10/27 v2.43 Cross-referencing by name of section

(/usr/local/texlive/2016/texmf-dist/tex/generic/oberdiek/gettitlestring.sty
Package: gettitlestring 2016/05/16 v1.5 Cleanup title references (HO)
)
\c@section@level=\count153
)
LaTeX Info: Redefining \ref on input line 25.
LaTeX Info: Redefining \pageref on input line 25.
LaTeX Info: Redefining \nameref on input line 25.
LaTeX Font Info:    Try loading font information for U+lasy on input line 29.

(/usr/local/texlive/2016/texmf-dist/tex/latex/base/ulasy.fd
File: ulasy.fd 1998/08/17 v2.2e LaTeX symbol font definitions
)
LaTeX Font Info:    Try loading font information for U+msa on input line 29.

(/usr/local/texlive/2016/texmf-dist/tex/latex/amsfonts/umsa.fd
File: umsa.fd 2013/01/14 v3.01 AMS symbols A
)
LaTeX Font Info:    Try loading font information for U+msb on input line 29.

(/usr/local/texlive/2016/texmf-dist/tex/latex/amsfonts/umsb.fd
File: umsb.fd 2013/01/14 v3.01 AMS symbols B
)
Overfull \hbox (9.03374pt too wide) in paragraph at lines 52--52
[][] 
 []

[1{/usr/local/texlive/2016/texmf-var/fonts/map/pdftex/updmap/pdftex.map}]
Underfull \hbox (badness 1142) in paragraph at lines 66--67
\T1/cmr/m/n/10 num-ber of well-sampled AGN with short base-lines
 []

[2]
LaTeX Font Info:    Try loading font information for T1+cmss on input line 103.

 (/usr/local/texlive/2016/texmf-dist/tex/latex/base/t1cmss.fd
File: t1cmss.fd 2014/09/29 v2.5h Standard LaTeX font definitions
)
<fig01a.pdf, id=208, 526.12558pt x 409.77089pt>
File: fig01a.pdf Graphic file (type pdf)
 <use fig01a.pdf>
Package pdftex.def Info: fig01a.pdf used on input line 112.
(pdftex.def)             Requested size: 218.07646pt x 169.85165pt.

<fig01b.pdf, id=209, 526.12558pt x 409.77089pt>
File: fig01b.pdf Graphic file (type pdf)
 <use fig01b.pdf>
Package pdftex.def Info: fig01b.pdf used on input line 112.
(pdftex.def)             Requested size: 218.07646pt x 169.85165pt.
 [3]
<fig02.pdf, id=260, 742.2129pt x 406.88008pt>
File: fig02.pdf Graphic file (type pdf)
 <use fig02.pdf>
Package pdftex.def Info: fig02.pdf used on input line 157.
(pdftex.def)             Requested size: 436.15294pt x 239.10106pt.
 [4 <./fig01a.pdf> <./fig01b.pdf>] <fig03.pdf, id=324, 768.95282pt x 607.79073p
t>
File: fig03.pdf Graphic file (type pdf)

<use fig03.pdf>
Package pdftex.def Info: fig03.pdf used on input line 184.
(pdftex.def)             Requested size: 436.15294pt x 344.74715pt.
 <fig04.pdf, id=339, 1165.71509pt x 388.81259pt>
File: fig04.pdf Graphic file (type pdf)

<use fig04.pdf>
Package pdftex.def Info: fig04.pdf used on input line 194.
(pdftex.def)             Requested size: 523.38219pt x 174.57248pt.

Overfull \hbox (10.26476pt too wide) in paragraph at lines 194--195
 [] 
 []

<fig05.pdf, id=352, 661.2705pt x 447.35129pt>
File: fig05.pdf Graphic file (type pdf)
 <use fig05.pdf>
Package pdftex.def Info: fig05.pdf used on input line 224.
(pdftex.def)             Requested size: 247.11299pt x 167.16928pt.

Overfull \hbox (4.84647pt too wide) in paragraph at lines 224--225
 [] 
 []

<fig06.pdf, id=357, 759.0458pt x 391.5709pt>
File: fig06.pdf Graphic file (type pdf)
 <use fig06.pdf>
Package pdftex.def Info: fig06.pdf used on input line 234.
(pdftex.def)             Requested size: 257.41002pt x 132.79178pt.

Overfull \hbox (15.1435pt too wide) in paragraph at lines 234--235
 [] 
 []

[5 <./fig02.pdf>] <fig07.pdf, id=378, 529.7391pt x 516.00781pt>
File: fig07.pdf Graphic file (type pdf)

<use fig07.pdf>
Package pdftex.def Info: fig07.pdf used on input line 263.
(pdftex.def)             Requested size: 247.11299pt x 240.7049pt.

Overfull \hbox (4.84647pt too wide) in paragraph at lines 263--264
 [] 
 []

<fig08.pdf, id=381, 921.69846pt x 335.34584pt>
File: fig08.pdf Graphic file (type pdf)
 <use fig08.pdf>
Package pdftex.def Info: fig08.pdf used on input line 271.
(pdftex.def)             Requested size: 436.15294pt x 158.68712pt.

<fig09.pdf, id=387, 748.71718pt x 336.77818pt>
File: fig09.pdf Graphic file (type pdf)
 <use fig09.pdf>
Package pdftex.def Info: fig09.pdf used on input line 282.
(pdftex.def)             Requested size: 436.15294pt x 196.18967pt.
 [6 <./fig03.pdf>] <fig10.pdf, id=407, 492.1587pt x 450.2421pt>
File: fig10.pdf Graphic file (type pdf)
 <use fig10.pdf>
Package pdftex.def Info: fig10.pdf used on input line 304.
(pdftex.def)             Requested size: 247.11299pt x 226.06169pt.

Overfull \hbox (4.84647pt too wide) in paragraph at lines 304--305
 [] 
 []

[7 <./fig04.pdf> <./fig05.pdf>]

LaTeX Warning: A float is stuck (cannot be placed) on input line 315.


LaTeX Warning: A float is stuck (cannot be placed) on input line 315.


Class revtex4-1 Warning: Deferred float stuck during \clearpage processing.

<fig11a.pdf, id=429, 716.19572pt x 638.86678pt>
File: fig11a.pdf Graphic file (type pdf)
 <use fig11a.pdf>
Package pdftex.def Info: fig11a.pdf used on input line 320.
(pdftex.def)             Requested size: 239.88544pt x 213.98514pt.

<fig11b.pdf, id=430, 716.19572pt x 643.20299pt>
File: fig11b.pdf Graphic file (type pdf)
 <use fig11b.pdf>
Package pdftex.def Info: fig11b.pdf used on input line 320.
(pdftex.def)             Requested size: 239.88544pt x 215.43753pt.

<fig12a.pdf, id=433, 716.19572pt x 638.86678pt>
File: fig12a.pdf Graphic file (type pdf)
 <use fig12a.pdf>
Package pdftex.def Info: fig12a.pdf used on input line 329.
(pdftex.def)             Requested size: 239.88544pt x 213.98514pt.

<fig12b.pdf, id=434, 716.19572pt x 638.86678pt>
File: fig12b.pdf Graphic file (type pdf)
 <use fig12b.pdf>
Package pdftex.def Info: fig12b.pdf used on input line 329.
(pdftex.def)             Requested size: 239.88544pt x 213.98514pt.

<fig13a.pdf, id=439, 716.19572pt x 643.20299pt>
File: fig13a.pdf Graphic file (type pdf)
 <use fig13a.pdf>
Package pdftex.def Info: fig13a.pdf used on input line 338.
(pdftex.def)             Requested size: 239.88544pt x 215.43753pt.

<fig13b.pdf, id=440, 716.19572pt x 643.20299pt>
File: fig13b.pdf Graphic file (type pdf)
 <use fig13b.pdf>
Package pdftex.def Info: fig13b.pdf used on input line 338.
(pdftex.def)             Requested size: 239.88544pt x 215.43753pt.

Overfull \hbox (5.44666pt too wide) in paragraph at lines 347--349
\T1/cmr/m/n/10 curves. The dis-tri-bu-tion of $\OML/cmm/m/it/10 f[] \OMS/cmsy/m
/n/10 ^^Q [][] []$
 []

<fig14.pdf, id=490, 702.46443pt x 665.60669pt>
File: fig14.pdf Graphic file (type pdf)
 <use fig14.pdf>
Package pdftex.def Info: fig14.pdf used on input line 357.
(pdftex.def)             Requested size: 247.11299pt x 234.14395pt.

Overfull \hbox (4.84647pt too wide) in paragraph at lines 357--358
 [] 
 []

[8 <./fig06.pdf> <./fig07.pdf>] <fig15.pdf, id=544, 476.98201pt x 449.5194pt>
File: fig15.pdf Graphic file (type pdf)

<use fig15.pdf>
Package pdftex.def Info: fig15.pdf used on input line 379.
(pdftex.def)             Requested size: 247.11299pt x 232.88718pt.

Overfull \hbox (4.84647pt too wide) in paragraph at lines 379--380
 [] 
 []

[9 <./fig08.pdf> <./fig09.pdf>]

LaTeX Warning: A float is stuck (cannot be placed) on input line 390.


LaTeX Warning: A float is stuck (cannot be placed) on input line 390.


Class revtex4-1 Warning: Deferred float stuck during \clearpage processing.

<fig16.pdf, id=583, 648.26193pt x 675.72452pt>
File: fig16.pdf Graphic file (type pdf)
 <use fig16.pdf>
Package pdftex.def Info: fig16.pdf used on input line 395.
(pdftex.def)             Requested size: 436.15294pt x 454.63025pt.

<fig17.pdf, id=590, 641.03491pt x 675.72452pt>
File: fig17.pdf Graphic file (type pdf)
 <use fig17.pdf>
Package pdftex.def Info: fig17.pdf used on input line 406.
(pdftex.def)             Requested size: 436.15294pt x 459.75467pt.
 [10 <./fig10.pdf>] [11 <./fig11a.pdf> <./fig11b.pdf> <./fig12a.pdf> <./fig12b.
pdf>]

LaTeX Warning: A float is stuck (cannot be placed) on input line 427.

[12 <./fig13a.pdf> <./fig13b.pdf>]

LaTeX Warning: A float is stuck (cannot be placed) on input line 427.


Class revtex4-1 Warning: Deferred float stuck during \clearpage processing.

<fig18.pdf, id=705, 990.8217pt x 309.3156pt>
File: fig18.pdf Graphic file (type pdf)
 <use fig18.pdf>
Package pdftex.def Info: fig18.pdf used on input line 431.
(pdftex.def)             Requested size: 523.38219pt x 163.38898pt.

Overfull \hbox (10.26476pt too wide) in paragraph at lines 431--432
 [] 
 []

<fig19.pdf, id=720, 739.3221pt x 280.4076pt>
File: fig19.pdf Graphic file (type pdf)
 <use fig19.pdf>
Package pdftex.def Info: fig19.pdf used on input line 459.
(pdftex.def)             Requested size: 436.15294pt x 165.42192pt.

<fig20.pdf, id=723, 739.3221pt x 280.4076pt>
File: fig20.pdf Graphic file (type pdf)
 <use fig20.pdf>
Package pdftex.def Info: fig20.pdf used on input line 467.
(pdftex.def)             Requested size: 436.15294pt x 165.42192pt.

<fig21.pdf, id=733, 1314.59135pt x 399.6531pt>
File: fig21.pdf Graphic file (type pdf)
 <use fig21.pdf>
Package pdftex.def Info: fig21.pdf used on input line 481.
(pdftex.def)             Requested size: 523.38219pt x 159.11441pt.

Overfull \hbox (10.26476pt too wide) in paragraph at lines 481--482
 [] 
 []


Underfull \hbox (badness 10000) detected at line 537
$\OML/cmm/m/it/9 a$
 []


Underfull \hbox (badness 10000) detected at line 538
$\OML/cmm/m/it/9 b$
 []


Underfull \hbox (badness 10000) detected at line 539
$\OML/cmm/m/it/9 c$
 []


Underfull \hbox (badness 10000) detected at line 540
$\OML/cmm/m/it/9 d$
 []


Underfull \hbox (badness 10000) detected at line 541
$\OML/cmm/m/it/9 e$
 []

[13 <./fig14.pdf> <./fig15.pdf>] [14 <./fig16.pdf>] [15 <./fig17.pdf>] [16 <./f
ig18.pdf>] [17 <./fig19.pdf> <./fig20.pdf>]

LaTeX Warning: A float is stuck (cannot be placed) on input line 564.

[18 <./fig21.pdf>]

LaTeX Warning: A float is stuck (cannot be placed) on input line 564.


Class revtex4-1 Warning: Deferred float stuck during \clearpage processing.

[19] [20] [21] [22] [23] <fig22.pdf, id=1348, 1077.54572pt x 1146.92491pt>
File: fig22.pdf Graphic file (type pdf)

<use fig22.pdf>
Package pdftex.def Info: fig22.pdf used on input line 765.
(pdftex.def)             Requested size: 436.15294pt x 464.23955pt.
 <fig23.pdf, id=1349, 1066.70517pt x 1146.92491pt>
File: fig23.pdf Graphic file (type pdf)

<use fig23.pdf>
Package pdftex.def Info: fig23.pdf used on input line 773.
(pdftex.def)             Requested size: 436.15294pt x 468.94722pt.
 <fig24.pdf, id=1351, 1077.54572pt x 1146.92491pt>
File: fig24.pdf Graphic file (type pdf)

<use fig24.pdf>
Package pdftex.def Info: fig24.pdf used on input line 782.
(pdftex.def)             Requested size: 436.15294pt x 464.23955pt.
 <fig25.pdf, id=1353, 1068.15063pt x 1146.92491pt>
File: fig25.pdf Graphic file (type pdf)

<use fig25.pdf>
Package pdftex.def Info: fig25.pdf used on input line 790.
(pdftex.def)             Requested size: 436.15294pt x 468.31718pt.
 (./table_appendix.tex

LaTeX Font Warning: Command \tiny invalid in math mode on input line 46.


Underfull \hbox (badness 10000) detected at line 46
$\OMS/cmsy/m/n/9 ^^C$
 []


LaTeX Font Warning: Command \tiny invalid in math mode on input line 47.


Underfull \hbox (badness 10000) detected at line 47
$\OML/cmm/m/it/9 a$
 []


LaTeX Font Warning: Command \tiny invalid in math mode on input line 48.


Underfull \hbox (badness 10000) detected at line 48
$\OML/cmm/m/it/9 b$
 []


LaTeX Font Warning: Command \tiny invalid in math mode on input line 49.


Underfull \hbox (badness 10000) detected at line 49
$\OML/cmm/m/it/9 c$
 []


LaTeX Font Warning: Command \tiny invalid in math mode on input line 50.


Underfull \hbox (badness 10000) detected at line 50
$\OML/cmm/m/it/9 d$
 []


LaTeX Warning: Float too large for page by 53.52779pt on input line 51.

) <fig26.pdf, id=1379, 721.97733pt x 406.15741pt>
File: fig26.pdf Graphic file (type pdf)
 <use fig26.pdf>
Package pdftex.def Info: fig26.pdf used on input line 808.
(pdftex.def)             Requested size: 436.15294pt x 245.36343pt.
 (./main.bbl
[24] [25]

LaTeX Warning: A float is stuck (cannot be placed) on input line 33.

[26 <./fig22.pdf>]

LaTeX Warning: A float is stuck (cannot be placed) on input line 33.


Class revtex4-1 Warning: Deferred float stuck during \clearpage processing.

[27 <./fig23.pdf>] [28 <./fig24.pdf>] [29 <./fig25.pdf>] [30 <./fig26.pdf>]
[31] [32]) [33]
Package atveryend Info: Empty hook `AfterLastShipout' on input line 826.
 (./main.aux)
Package atveryend Info: Executing hook `AtVeryEndDocument' on input line 826.
Package atveryend Info: Empty hook `AtEndAfterFileList' on input line 826.


LaTeX Warning: Label(s) may have changed. Rerun to get cross-references right .


 ) 
Here is how much of TeX's memory you used:
 11586 strings out of 493014
 175051 string characters out of 6133351
 390100 words of memory out of 5000000
 14705 multiletter control sequences out of 15000+600000
 22967 words of font info for 63 fonts, out of 8000000 for 9000
 1141 hyphenation exceptions out of 8191
 36i,13n,37p,2529b,910s stack positions out of 5000i,500n,10000p,200000b,80000s
{/usr/local/texlive/2016/texmf-dist/fonts/enc/dvips/cm-super/cm-super-t1.enc}
</usr/local/texlive/2016/texmf-dist/fonts/type1/public/amsfonts/cm/cmex10.pfb><
/usr/local/texlive/2016/texmf-dist/fonts/type1/public/amsfonts/cmextra/cmex9.pf
b></usr/local/texlive/2016/texmf-dist/fonts/type1/public/amsfonts/cm/cmmi10.pfb
></usr/local/texlive/2016/texmf-dist/fonts/type1/public/amsfonts/cm/cmmi6.pfb><
/usr/local/texlive/2016/texmf-dist/fonts/type1/public/amsfonts/cm/cmmi7.pfb></u
sr/local/texlive/2016/texmf-dist/fonts/type1/public/amsfonts/cm/cmmi9.pfb></usr
/local/texlive/2016/texmf-dist/fonts/type1/public/amsfonts/cm/cmr10.pfb></usr/l
ocal/texlive/2016/texmf-dist/fonts/type1/public/amsfonts/cm/cmr5.pfb></usr/loca
l/texlive/2016/texmf-dist/fonts/type1/public/amsfonts/cm/cmr6.pfb></usr/local/t
exlive/2016/texmf-dist/fonts/type1/public/amsfonts/cm/cmr7.pfb></usr/local/texl
ive/2016/texmf-dist/fonts/type1/public/amsfonts/cm/cmr9.pfb></usr/local/texlive
/2016/texmf-dist/fonts/type1/public/amsfonts/cm/cmsy10.pfb></usr/local/texlive/
2016/texmf-dist/fonts/type1/public/amsfonts/cm/cmsy6.pfb></usr/local/texlive/20
16/texmf-dist/fonts/type1/public/amsfonts/cm/cmsy7.pfb></usr/local/texlive/2016
/texmf-dist/fonts/type1/public/amsfonts/cm/cmsy9.pfb></usr/local/texlive/2016/t
exmf-dist/fonts/type1/public/amsfonts/symbols/msam10.pfb></usr/local/texlive/20
16/texmf-dist/fonts/type1/public/cm-super/sfbx0800.pfb></usr/local/texlive/2016
/texmf-dist/fonts/type1/public/cm-super/sfbx0900.pfb></usr/local/texlive/2016/t
exmf-dist/fonts/type1/public/cm-super/sfcc0600.pfb></usr/local/texlive/2016/tex
mf-dist/fonts/type1/public/cm-super/sfcc0800.pfb></usr/local/texlive/2016/texmf
-dist/fonts/type1/public/cm-super/sfcc0900.pfb></usr/local/texlive/2016/texmf-d
ist/fonts/type1/public/cm-super/sfcc1000.pfb></usr/local/texlive/2016/texmf-dis
t/fonts/type1/public/cm-super/sfrm0600.pfb></usr/local/texlive/2016/texmf-dist/
fonts/type1/public/cm-super/sfrm0700.pfb></usr/local/texlive/2016/texmf-dist/fo
nts/type1/public/cm-super/sfrm0800.pfb></usr/local/texlive/2016/texmf-dist/font
s/type1/public/cm-super/sfrm0900.pfb></usr/local/texlive/2016/texmf-dist/fonts/
type1/public/cm-super/sfrm1000.pfb></usr/local/texlive/2016/texmf-dist/fonts/ty
pe1/public/cm-super/sfss0900.pfb></usr/local/texlive/2016/texmf-dist/fonts/type
1/public/cm-super/sfss1000.pfb></usr/local/texlive/2016/texmf-dist/fonts/type1/
public/cm-super/sfti0800.pfb></usr/local/texlive/2016/texmf-dist/fonts/type1/pu
blic/cm-super/sfti1000.pfb>
Output written on main.pdf (33 pages, 3385460 bytes).
PDF statistics:
 1788 PDF objects out of 2073 (max. 8388607)
 1525 compressed objects within 16 object streams
 278 named destinations out of 1000 (max. 500000)
 151 words of extra memory for PDF output out of 10000 (max. 10000000)

